<?xml version="1.0" encoding="UTF-8"?>
<!-- Generated by org.testng.reporters.JUnitReportReporter -->
<testsuite hostname="DESKTOP-8S455D7" failures="0" tests="1" name="com.crm.comcast.conatctTest.CreateContact_Support_DateTest" time="19.220" errors="0" timestamp="2021-12-02T13:17:19 IST" skipped="0">
  <testcase classname="com.crm.comcast.conatctTest.CreateContact_Support_DateTest" name="createContact_Support_DateTest" time="19.220"/>
  <system-out/>
</testsuite> <!-- com.crm.comcast.conatctTest.CreateContact_Support_DateTest -->
