<?xml version="1.0" encoding="UTF-8"?>
<!-- Generated by org.testng.reporters.JUnitReportReporter -->
<testsuite hostname="DESKTOP-8S455D7" failures="0" tests="2" name="com.crm.comcast.organaizationtest.CreateOrganizationTest" time="26.830" errors="0" timestamp="2021-12-08T15:39:44 IST" skipped="0">
  <testcase classname="com.crm.comcast.organaizationtest.CreateOrganizationTest" name="createOrganization_With_Industries_And_Type_Test" time="13.794"/>
  <system-out/>
  <testcase classname="com.crm.comcast.organaizationtest.CreateOrganizationTest" name="createOrganizationTest" time="13.036"/>
  <system-out/>
</testsuite> <!-- com.crm.comcast.organaizationtest.CreateOrganizationTest -->
