<?xml version="1.0" encoding="UTF-8"?>
<!-- Generated by org.testng.reporters.JUnitReportReporter -->
<testsuite hostname="DESKTOP-8S455D7" failures="0" tests="10" name="pactestng_sample.ContactTest" time="0.029" errors="0" timestamp="2021-12-03T12:50:38 IST" skipped="0">
  <testcase classname="pactestng_sample.ContactTest" name="createContactTest" time="0.003"/>
  <system-out/>
  <testcase classname="pactestng_sample.ContactTest" name="createContactTest" time="0.002"/>
  <system-out/>
  <testcase classname="pactestng_sample.ContactTest" name="createContactTest" time="0.004"/>
  <system-out/>
  <testcase classname="pactestng_sample.ContactTest" name="createContactTest" time="0.001"/>
  <system-out/>
  <testcase classname="pactestng_sample.ContactTest" name="createContactTest" time="0.002"/>
  <system-out/>
  <testcase classname="pactestng_sample.ContactTest" name="createContactTest" time="0.001"/>
  <system-out/>
  <testcase classname="pactestng_sample.ContactTest" name="createContactTest" time="0.010"/>
  <system-out/>
  <testcase classname="pactestng_sample.ContactTest" name="createContactTest" time="0.003"/>
  <system-out/>
  <testcase classname="pactestng_sample.ContactTest" name="createContactTest" time="0.002"/>
  <system-out/>
  <testcase classname="pactestng_sample.ContactTest" name="createContactTest" time="0.001"/>
  <system-out/>
</testsuite> <!-- pactestng_sample.ContactTest -->
