<?xml version="1.0" encoding="UTF-8"?>
<!-- Generated by org.testng.reporters.JUnitReportReporter -->
<testsuite hostname="DESKTOP-8S455D7" failures="0" tests="1" name="com.crm.comcast.organaizationtest.CreateOrganization_With_Industries_And_Type_Test" time="19.970" errors="0" timestamp="2021-12-02T13:17:19 IST" skipped="0">
  <testcase classname="com.crm.comcast.organaizationtest.CreateOrganization_With_Industries_And_Type_Test" name="createOrganization_With_Industries_And_Type_Test" time="19.970"/>
  <system-out/>
</testsuite> <!-- com.crm.comcast.organaizationtest.CreateOrganization_With_Industries_And_Type_Test -->
