<?xml version="1.0" encoding="UTF-8"?>
<!-- Generated by org.testng.reporters.JUnitReportReporter -->
<testsuite hostname="DESKTOP-8S455D7" failures="0" tests="5" name="pactestng_sample.AddToCartAndBill" time="0.024" errors="0" timestamp="2021-12-03T13:13:09 IST" skipped="0">
  <testcase classname="pactestng_sample.AddToCartAndBill" name="addToCartAndBillTest" time="0.007"/>
  <system-out/>
  <testcase classname="pactestng_sample.AddToCartAndBill" name="addToCartAndBillTest" time="0.004"/>
  <system-out/>
  <testcase classname="pactestng_sample.AddToCartAndBill" name="addToCartAndBillTest" time="0.008"/>
  <system-out/>
  <testcase classname="pactestng_sample.AddToCartAndBill" name="addToCartAndBillTest" time="0.003"/>
  <system-out/>
  <testcase classname="pactestng_sample.AddToCartAndBill" name="addToCartAndBillTest" time="0.002"/>
  <system-out/>
</testsuite> <!-- pactestng_sample.AddToCartAndBill -->
