<?xml version="1.0" encoding="UTF-8"?>
<!-- Generated by org.testng.reporters.JUnitXMLReporter -->
<testsuite ignored="0" hostname="DESKTOP-8S455D7" failures="0" tests="3" name="Test-Runner-2" time="65.305" errors="0" timestamp="2021-12-04T14:23:06 IST">
  <testcase classname="com.crm.comcast.conatctTest.CreateContactTest" name="createConatctWithOrgTest" time="24.951"/>
  <testcase classname="com.crm.comcast.conatctTest.CreateContactTest" name="createContactWithLastNameTest" time="9.728"/>
  <testcase classname="com.crm.comcast.conatctTest.CreateContactTest" name="createContact_Support_DateTest" time="8.928"/>
</testsuite> <!-- Test-Runner-2 -->
